<?xml version="1.0" encoding="UTF-8"?>
<!-- Generated by org.testng.reporters.JUnitXMLReporter -->
<testsuite ignored="0" hostname="DeekayV3" failures="0" tests="3" name="Surefire test" time="0.04" errors="0" timestamp="2020-10-06T12:42:58 IST">
  <testcase classname="Deekay.MavenUndrstanding.AppTest" name="shouldAnswerWithTrue" time="0.007"/>
  <testcase classname="Deekay.MavenUndrstanding.MavenTest" name="start" time="0.0"/>
  <testcase classname="Deekay.MavenUndrstanding.notincludedTest" name="notinclude" time="0.001"/>
</testsuite> <!-- Surefire test -->
