<?xml version="1.0" encoding="UTF-8"?>
<testng-results ignored="0" total="2" passed="2" failed="0" skipped="0">
  <reporter-output>
  </reporter-output>
  <suite started-at="2020-10-06T12:56:15 IST" name="Suite" finished-at="2020-10-06T12:56:15 IST" duration-ms="42">
    <groups>
    </groups>
    <test started-at="2020-10-06T12:56:15 IST" name="Test" finished-at="2020-10-06T12:56:15 IST" duration-ms="42">
      <class name="Deekay.MavenUndrstanding.AppTest">
        <test-method signature="shouldAnswerWithTrue()[pri:0, instance:Deekay.MavenUndrstanding.AppTest@7fe8ea47]" started-at="2020-10-06T12:56:15 IST" name="shouldAnswerWithTrue" finished-at="2020-10-06T12:56:15 IST" duration-ms="2" status="PASS">
          <reporter-output>
          </reporter-output>
        </test-method> <!-- shouldAnswerWithTrue -->
      </class> <!-- Deekay.MavenUndrstanding.AppTest -->
      <class name="Deekay.MavenUndrstanding.MavenTest">
        <test-method signature="start()[pri:0, instance:Deekay.MavenUndrstanding.MavenTest@35fc6dc4]" started-at="2020-10-06T12:56:15 IST" name="start" finished-at="2020-10-06T12:56:15 IST" duration-ms="4" status="PASS">
          <reporter-output>
          </reporter-output>
        </test-method> <!-- start -->
      </class> <!-- Deekay.MavenUndrstanding.MavenTest -->
    </test> <!-- Test -->
  </suite> <!-- Suite -->
</testng-results>
